[ 2016-06-01T11:48:40+08:00 ] 127.0.0.1 /index.php/Teacher/index/index
INFO: [ app_init ] --START--
INFO: Run Behavior\BuildLiteBehavior [ RunTime:0.000024s ]
INFO: [ app_init ] --END-- [ RunTime:0.000628s ]
INFO: [ app_begin ] --START--
INFO: Run Behavior\ReadHtmlCacheBehavior [ RunTime:0.000788s ]
INFO: [ app_begin ] --END-- [ RunTime:0.000879s ]
INFO: [ view_parse ] --START--
INFO: Run Behavior\ParseTemplateBehavior [ RunTime:0.001122s ]
INFO: [ view_parse ] --END-- [ RunTime:0.001217s ]
INFO: [ view_filter ] --START--
INFO: Run Behavior\WriteHtmlCacheBehavior [ RunTime:0.000480s ]
INFO: [ view_filter ] --END-- [ RunTime:0.000552s ]
INFO: [ app_end ] --START--
INFO: Run Behavior\ShowPageTraceBehavior [ RunTime:0.000743s ]
INFO: [ app_end ] --END-- [ RunTime:0.000816s ]

[ 2016-06-01T11:48:43+08:00 ] 127.0.0.1 /index.php/Teacher/index/index
INFO: [ app_init ] --START--
INFO: Run Behavior\BuildLiteBehavior [ RunTime:0.000040s ]
INFO: [ app_init ] --END-- [ RunTime:0.001014s ]
INFO: [ app_begin ] --START--
INFO: Run Behavior\ReadHtmlCacheBehavior [ RunTime:0.001079s ]
INFO: [ app_begin ] --END-- [ RunTime:0.001208s ]
INFO: [ view_parse ] --START--
INFO: Run Behavior\ParseTemplateBehavior [ RunTime:0.000611s ]
INFO: [ view_parse ] --END-- [ RunTime:0.000702s ]
INFO: [ view_filter ] --START--
INFO: Run Behavior\WriteHtmlCacheBehavior [ RunTime:0.000469s ]
INFO: [ view_filter ] --END-- [ RunTime:0.000540s ]
INFO: [ app_end ] --START--
INFO: Run Behavior\ShowPageTraceBehavior [ RunTime:0.000744s ]
INFO: [ app_end ] --END-- [ RunTime:0.000820s ]

[ 2016-06-01T20:53:39+08:00 ] 127.0.0.1 /index.php/Teacher/index/index
INFO: [ app_init ] --START--
INFO: Run Behavior\BuildLiteBehavior [ RunTime:0.000039s ]
INFO: [ app_init ] --END-- [ RunTime:0.000900s ]
INFO: [ app_begin ] --START--
INFO: Run Behavior\ReadHtmlCacheBehavior [ RunTime:0.001146s ]
INFO: [ app_begin ] --END-- [ RunTime:0.001298s ]
INFO: [ app_end ] --START--
INFO: Run Behavior\ShowPageTraceBehavior [ RunTime:0.000899s ]
INFO: [ app_end ] --END-- [ RunTime:0.000999s ]

[ 2016-06-01T21:17:52+08:00 ] 127.0.0.1 /index.php/Teacher/index/index
INFO: [ app_init ] --START--
INFO: Run Behavior\BuildLiteBehavior [ RunTime:0.000024s ]
INFO: [ app_init ] --END-- [ RunTime:0.000713s ]
INFO: [ app_begin ] --START--
INFO: Run Behavior\ReadHtmlCacheBehavior [ RunTime:0.000917s ]
INFO: [ app_begin ] --END-- [ RunTime:0.001048s ]
ERR: 1064:You have an error in your SQL syntax; check the manual that corresponds to your MySQL server version for the right syntax to use near ')' at line 1
 [ SQL语句 ] : SELECT course_id,course_title FROM sc_user,sc_course WHERE sc_user.user_id = sc_course.course_teacherid AND user_number = 141304121)
ERR: 1064:You have an error in your SQL syntax; check the manual that corresponds to your MySQL server version for the right syntax to use near ')' at line 1
 [ SQL语句 ] : SELECT course_id,course_title FROM sc_user,sc_course WHERE sc_user.user_id = sc_course.course_teacherid AND user_number = 141304121)

[ 2016-06-01T21:19:13+08:00 ] 127.0.0.1 /index.php/Teacher/index/index
INFO: [ app_init ] --START--
INFO: Run Behavior\BuildLiteBehavior [ RunTime:0.000031s ]
INFO: [ app_init ] --END-- [ RunTime:0.001386s ]
INFO: [ app_begin ] --START--
INFO: Run Behavior\ReadHtmlCacheBehavior [ RunTime:0.001350s ]
INFO: [ app_begin ] --END-- [ RunTime:0.001538s ]
ERR: 1064:You have an error in your SQL syntax; check the manual that corresponds to your MySQL server version for the right syntax to use near ')' at line 1
 [ SQL语句 ] : SELECT course_id,course_title FROM sc_user,sc_course WHERE sc_user.user_id = sc_course.course_teacherid AND user_number = 141304121)
ERR: 1064:You have an error in your SQL syntax; check the manual that corresponds to your MySQL server version for the right syntax to use near ')' at line 1
 [ SQL语句 ] : SELECT course_id,course_title FROM sc_user,sc_course WHERE sc_user.user_id = sc_course.course_teacherid AND user_number = 141304121)

[ 2016-06-01T21:19:20+08:00 ] 127.0.0.1 /index.php/Teacher/index/index
INFO: [ app_init ] --START--
INFO: Run Behavior\BuildLiteBehavior [ RunTime:0.000033s ]
INFO: [ app_init ] --END-- [ RunTime:0.000726s ]
INFO: [ app_begin ] --START--
INFO: Run Behavior\ReadHtmlCacheBehavior [ RunTime:0.000830s ]
INFO: [ app_begin ] --END-- [ RunTime:0.000921s ]
ERR: 1064:You have an error in your SQL syntax; check the manual that corresponds to your MySQL server version for the right syntax to use near ')' at line 1
 [ SQL语句 ] : SELECT course_id,course_title FROM sc_user,sc_course WHERE sc_user.user_id = sc_course.course_teacherid AND user_number = 141304121)
ERR: 1064:You have an error in your SQL syntax; check the manual that corresponds to your MySQL server version for the right syntax to use near ')' at line 1
 [ SQL语句 ] : SELECT course_id,course_title FROM sc_user,sc_course WHERE sc_user.user_id = sc_course.course_teacherid AND user_number = 141304121)

[ 2016-06-01T21:19:40+08:00 ] 127.0.0.1 /index.php/Teacher/index/index
INFO: [ app_init ] --START--
INFO: Run Behavior\BuildLiteBehavior [ RunTime:0.000025s ]
INFO: [ app_init ] --END-- [ RunTime:0.000821s ]
INFO: [ app_begin ] --START--
INFO: Run Behavior\ReadHtmlCacheBehavior [ RunTime:0.000879s ]
INFO: [ app_begin ] --END-- [ RunTime:0.000986s ]
SQL: SELECT course_id,course_title FROM sc_user,sc_course WHERE sc_user.user_id = sc_course.course_teacherid AND user_number = 141304121 [ RunTime:0.0007s ]
SQL: SELECT course_title,course_id,sc_userid FROM sc_course,sc_course_user,sc_user WHERE sc_course.course_id = sc_course_user.sc_courseid AND sc_isconfirm = 0 AND course_teacherid = user_id AND user_number = 141304121 [ RunTime:0.0006s ]
SQL: SELECT user_name FROM sc_user WHERE user_number = 141304121 [ RunTime:0.0004s ]
NOTIC: [8] Undefined variable: resultMycourse D:\PHP\www\index\Teacher\Controller\IndexController.class.php 第 17 行.
INFO: [ view_parse ] --START--
INFO: [ template_filter ] --START--
INFO: Run Behavior\ContentReplaceBehavior [ RunTime:0.000076s ]
INFO: [ template_filter ] --END-- [ RunTime:0.000163s ]
NOTIC: [8] Undefined index: user_id D:\PHP\www\index\Runtime\Cache\Teacher\20e7069c3cabd3a7b2e82974df9f86a9.php 第 33 行.
NOTIC: [8] Undefined index: user_name D:\PHP\www\index\Runtime\Cache\Teacher\20e7069c3cabd3a7b2e82974df9f86a9.php 第 33 行.
NOTIC: [8] Undefined index: user_id D:\PHP\www\index\Runtime\Cache\Teacher\20e7069c3cabd3a7b2e82974df9f86a9.php 第 33 行.
NOTIC: [8] Undefined index: user_name D:\PHP\www\index\Runtime\Cache\Teacher\20e7069c3cabd3a7b2e82974df9f86a9.php 第 33 行.
INFO: Run Behavior\ParseTemplateBehavior [ RunTime:0.012637s ]
INFO: [ view_parse ] --END-- [ RunTime:0.012717s ]
INFO: [ view_filter ] --START--
INFO: Run Behavior\WriteHtmlCacheBehavior [ RunTime:0.000620s ]
INFO: [ view_filter ] --END-- [ RunTime:0.000696s ]
INFO: [ app_end ] --START--
INFO: Run Behavior\ShowPageTraceBehavior [ RunTime:0.000863s ]
INFO: [ app_end ] --END-- [ RunTime:0.000939s ]

[ 2016-06-01T21:25:39+08:00 ] 127.0.0.1 /index.php/Teacher/index/index
INFO: [ app_init ] --START--
INFO: Run Behavior\BuildLiteBehavior [ RunTime:0.000026s ]
INFO: [ app_init ] --END-- [ RunTime:0.000680s ]
INFO: [ app_begin ] --START--
INFO: Run Behavior\ReadHtmlCacheBehavior [ RunTime:0.000826s ]
INFO: [ app_begin ] --END-- [ RunTime:0.000915s ]
SQL: SELECT course_id,course_title FROM sc_user,sc_course WHERE sc_user.user_id = sc_course.course_teacherid AND user_number = 141304121 [ RunTime:0.0007s ]
SQL: SELECT course_title,course_id,sc_userid FROM sc_course,sc_course_user,sc_user WHERE sc_course.course_id = sc_course_user.sc_courseid AND sc_isconfirm = 0 AND course_teacherid = user_id AND user_number = 141304121 [ RunTime:0.0006s ]
SQL: SELECT user_name FROM sc_user WHERE user_number = 141304121 [ RunTime:0.0004s ]
INFO: [ view_parse ] --START--
INFO: [ template_filter ] --START--
INFO: Run Behavior\ContentReplaceBehavior [ RunTime:0.000082s ]
INFO: [ template_filter ] --END-- [ RunTime:0.000201s ]
NOTIC: [8] Undefined index: user_id D:\PHP\www\index\Runtime\Cache\Teacher\20e7069c3cabd3a7b2e82974df9f86a9.php 第 29 行.
NOTIC: [8] Undefined index: user_name D:\PHP\www\index\Runtime\Cache\Teacher\20e7069c3cabd3a7b2e82974df9f86a9.php 第 29 行.
NOTIC: [8] Undefined index: user_id D:\PHP\www\index\Runtime\Cache\Teacher\20e7069c3cabd3a7b2e82974df9f86a9.php 第 29 行.
NOTIC: [8] Undefined index: user_name D:\PHP\www\index\Runtime\Cache\Teacher\20e7069c3cabd3a7b2e82974df9f86a9.php 第 29 行.
NOTIC: [8] Undefined index: user_id D:\PHP\www\index\Runtime\Cache\Teacher\20e7069c3cabd3a7b2e82974df9f86a9.php 第 29 行.
NOTIC: [8] Undefined index: user_name D:\PHP\www\index\Runtime\Cache\Teacher\20e7069c3cabd3a7b2e82974df9f86a9.php 第 29 行.
NOTIC: [8] Undefined index: user_id D:\PHP\www\index\Runtime\Cache\Teacher\20e7069c3cabd3a7b2e82974df9f86a9.php 第 33 行.
NOTIC: [8] Undefined index: user_name D:\PHP\www\index\Runtime\Cache\Teacher\20e7069c3cabd3a7b2e82974df9f86a9.php 第 33 行.
NOTIC: [8] Undefined index: user_id D:\PHP\www\index\Runtime\Cache\Teacher\20e7069c3cabd3a7b2e82974df9f86a9.php 第 33 行.
NOTIC: [8] Undefined index: user_name D:\PHP\www\index\Runtime\Cache\Teacher\20e7069c3cabd3a7b2e82974df9f86a9.php 第 33 行.
INFO: Run Behavior\ParseTemplateBehavior [ RunTime:0.014617s ]
INFO: [ view_parse ] --END-- [ RunTime:0.014726s ]
INFO: [ view_filter ] --START--
INFO: Run Behavior\WriteHtmlCacheBehavior [ RunTime:0.000863s ]
INFO: [ view_filter ] --END-- [ RunTime:0.000967s ]
INFO: [ app_end ] --START--
INFO: Run Behavior\ShowPageTraceBehavior [ RunTime:0.001116s ]
INFO: [ app_end ] --END-- [ RunTime:0.001232s ]

[ 2016-06-01T21:25:56+08:00 ] 127.0.0.1 /index.php/Teacher/index/index
INFO: [ app_init ] --START--
INFO: Run Behavior\BuildLiteBehavior [ RunTime:0.000038s ]
INFO: [ app_init ] --END-- [ RunTime:0.000913s ]
INFO: [ app_begin ] --START--
INFO: Run Behavior\ReadHtmlCacheBehavior [ RunTime:0.000935s ]
INFO: [ app_begin ] --END-- [ RunTime:0.001043s ]
SQL: SELECT course_id,course_title FROM sc_user,sc_course WHERE sc_user.user_id = sc_course.course_teacherid AND user_number = 141304121 [ RunTime:0.0006s ]
SQL: SELECT course_title,course_id,sc_userid FROM sc_course,sc_course_user,sc_user WHERE sc_course.course_id = sc_course_user.sc_courseid AND sc_isconfirm = 0 AND course_teacherid = user_id AND user_number = 141304121 [ RunTime:0.0007s ]
SQL: SELECT user_name FROM sc_user WHERE user_number = 141304121 [ RunTime:0.0004s ]
INFO: [ view_parse ] --START--
INFO: [ template_filter ] --START--
INFO: Run Behavior\ContentReplaceBehavior [ RunTime:0.000081s ]
INFO: [ template_filter ] --END-- [ RunTime:0.000183s ]
NOTIC: [8] Undefined index: user_id D:\PHP\www\index\Runtime\Cache\Teacher\20e7069c3cabd3a7b2e82974df9f86a9.php 第 33 行.
NOTIC: [8] Undefined index: user_name D:\PHP\www\index\Runtime\Cache\Teacher\20e7069c3cabd3a7b2e82974df9f86a9.php 第 33 行.
NOTIC: [8] Undefined index: user_id D:\PHP\www\index\Runtime\Cache\Teacher\20e7069c3cabd3a7b2e82974df9f86a9.php 第 33 行.
NOTIC: [8] Undefined index: user_name D:\PHP\www\index\Runtime\Cache\Teacher\20e7069c3cabd3a7b2e82974df9f86a9.php 第 33 行.
INFO: Run Behavior\ParseTemplateBehavior [ RunTime:0.011035s ]
INFO: [ view_parse ] --END-- [ RunTime:0.011139s ]
INFO: [ view_filter ] --START--
INFO: Run Behavior\WriteHtmlCacheBehavior [ RunTime:0.000594s ]
INFO: [ view_filter ] --END-- [ RunTime:0.000663s ]
INFO: [ app_end ] --START--
INFO: Run Behavior\ShowPageTraceBehavior [ RunTime:0.000841s ]
INFO: [ app_end ] --END-- [ RunTime:0.000920s ]

[ 2016-06-01T21:28:22+08:00 ] 127.0.0.1 /index.php/Teacher/index/index
INFO: [ app_init ] --START--
INFO: Run Behavior\BuildLiteBehavior [ RunTime:0.000042s ]
INFO: [ app_init ] --END-- [ RunTime:0.001021s ]
INFO: [ app_begin ] --START--
INFO: Run Behavior\ReadHtmlCacheBehavior [ RunTime:0.001300s ]
INFO: [ app_begin ] --END-- [ RunTime:0.001460s ]
SQL: SELECT course_id,course_title FROM sc_user,sc_course WHERE sc_user.user_id = sc_course.course_teacherid AND user_number = 141304121 [ RunTime:0.0006s ]
SQL: SELECT course_title,course_id,sc_userid FROM sc_course,sc_course_user,sc_user WHERE sc_course.course_id = sc_course_user.sc_courseid AND sc_isconfirm = 0 AND course_teacherid = user_id AND user_number = 141304121 [ RunTime:0.0005s ]
SQL: SELECT user_name FROM sc_user WHERE user_number = 141304121 [ RunTime:0.0003s ]
INFO: [ view_parse ] --START--
INFO: [ template_filter ] --START--
INFO: Run Behavior\ContentReplaceBehavior [ RunTime:0.000076s ]
INFO: [ template_filter ] --END-- [ RunTime:0.000174s ]
NOTIC: [8] Undefined index: user_name D:\PHP\www\index\Runtime\Cache\Teacher\20e7069c3cabd3a7b2e82974df9f86a9.php 第 33 行.
NOTIC: [8] Undefined index: user_name D:\PHP\www\index\Runtime\Cache\Teacher\20e7069c3cabd3a7b2e82974df9f86a9.php 第 33 行.
INFO: Run Behavior\ParseTemplateBehavior [ RunTime:0.011431s ]
INFO: [ view_parse ] --END-- [ RunTime:0.011514s ]
INFO: [ view_filter ] --START--
INFO: Run Behavior\WriteHtmlCacheBehavior [ RunTime:0.000599s ]
INFO: [ view_filter ] --END-- [ RunTime:0.000668s ]
INFO: [ app_end ] --START--
INFO: Run Behavior\ShowPageTraceBehavior [ RunTime:0.000843s ]
INFO: [ app_end ] --END-- [ RunTime:0.000919s ]

